  stage.cpp
d:\sic2019\sic2019\project_connet\stage.cpp(626): warning C4305: '引数': 'double' から 'float' へ切り詰めます。
d:\sic2019\sic2019\project_connet\stage.cpp(632): warning C4305: '引数': 'double' から 'float' へ切り詰めます。
d:\sic2019\sic2019\project_connet\stage.cpp(637): warning C4305: '引数': 'double' から 'float' へ切り詰めます。
d:\sic2019\sic2019\project_connet\stage.cpp(643): warning C4305: '引数': 'double' から 'float' へ切り詰めます。
d:\sic2019\sic2019\project_connet\stage.cpp(651): warning C4305: '引数': 'double' から 'float' へ切り詰めます。
d:\sic2019\sic2019\project_connet\stage.cpp(658): warning C4305: '引数': 'double' から 'float' へ切り詰めます。
d:\sic2019\sic2019\project_connet\stage.cpp(664): warning C4305: '引数': 'double' から 'float' へ切り詰めます。
d:\sic2019\sic2019\project_connet\stage.cpp(671): warning C4305: '引数': 'double' から 'float' へ切り詰めます。
d:\sic2019\sic2019\project_connet\stage.cpp(685): warning C4244: '引数': 'int' から 'float' への変換です。データが失われる可能性があります。
d:\sic2019\sic2019\project_connet\stage.cpp(757): warning C4244: '初期化中': 'float' から 'int' への変換です。データが失われる可能性があります。
  scene_title.cpp
  scene_game.cpp
d:\sic2019\sic2019\project_connet\scene_game.cpp(106): warning C4101: 'j': ローカル変数は 1 度も使われていません。
  player.cpp
d:\sic2019\sic2019\project_connet\player.cpp(155): warning C4244: '引数': 'int' から 'float' への変換です。データが失われる可能性があります。
d:\sic2019\sic2019\project_connet\player.cpp(172): warning C4244: '引数': 'int' から 'float' への変換です。データが失われる可能性があります。
d:\sic2019\sic2019\project_connet\player.cpp(184): warning C4244: '引数': 'int' から 'float' への変換です。データが失われる可能性があります。
d:\sic2019\sic2019\project_connet\player.cpp(114): warning C4189: 'hook': ローカル変数が初期化されましたが、参照されていません
  obj2d.cpp
  map.cpp
d:\sic2019\sic2019\project_connet\map.cpp(23): warning C4244: '引数': 'int' から 'float' への変換です。データが失われる可能性があります。
  main.cpp
  enemy.cpp
d:\sic2019\sic2019\project_connet\enemy.cpp(56): warning C4305: '引数': 'double' から 'float' へ切り詰めます。
d:\sic2019\sic2019\project_connet\enemy.cpp(78): warning C4305: '引数': 'double' から 'float' へ切り詰めます。
d:\sic2019\sic2019\project_connet\enemy.cpp(119): warning C4305: '引数': 'double' から 'float' へ切り詰めます。
d:\sic2019\sic2019\project_connet\enemy.cpp(159): warning C4305: '引数': 'double' から 'float' へ切り詰めます。
d:\sic2019\sic2019\project_connet\enemy.cpp(163): warning C4305: '引数': 'double' から 'float' へ切り詰めます。
d:\sic2019\sic2019\project_connet\enemy.cpp(238): warning C4244: '引数': 'int' から 'float' への変換です。データが失われる可能性があります。
  ending.cpp
d:\sic2019\sic2019\project_connet\ending.cpp(18): warning C4305: '引数': 'double' から 'float' へ切り詰めます。
d:\sic2019\sic2019\project_connet\ending.cpp(39): warning C4244: '引数': 'int' から 'float' への変換です。データが失われる可能性があります。
d:\sic2019\sic2019\project_connet\ending.cpp(122): warning C4244: '引数': 'int' から 'float' への変換です。データが失われる可能性があります。
d:\sic2019\sic2019\project_connet\ending.cpp(155): warning C4305: '引数': 'double' から 'float' へ切り詰めます。
  check.cpp
  audio.cpp
  texture.cpp
  sprite.cpp
  primitive.cpp
  obj2d_data.cpp
  input_manager.cpp
  game_lib.cpp
  debug.cpp
  コードを生成中...
  gp1.vcxproj -> D:\SIC2019\SIC2019\project_connet\Debug\gp1.exe
